<?xml version="1.0" encoding="UTF-8"?>
<!-- Generated by org.testng.reporters.JUnitXMLReporter -->
<testsuite ignored="0" hostname="LTIN447120" failures="1" tests="2" name="errorvalidation" time="37.524" errors="0" timestamp="2026-05-06T23:39:12 IST">
  <testcase classname="anandtomaracademy.pageobject.errorvalidationTest" name="loginpageerrorvalidation" time="0.638">
    <failure type="java.lang.AssertionError" message="expected [Incorrect email or password.] but found [Incorrect email password.]">
      <![CDATA[java.lang.AssertionError: expected [Incorrect email or password.] but found [Incorrect email password.]
at anandtomaracademy.pageobject.errorvalidationTest.loginpageerrorvalidation(errorvalidationTest.java:36)
at java.base/java.util.ArrayList.forEach(ArrayList.java:1604)
at java.base/java.util.concurrent.FutureTask.run(FutureTask.java:328)
at java.base/java.util.concurrent.ThreadPoolExecutor.runWorker(ThreadPoolExecutor.java:1095)
at java.base/java.util.concurrent.ThreadPoolExecutor$Worker.run(ThreadPoolExecutor.java:619)
at java.base/java.lang.Thread.run(Thread.java:1447)
... Removed 21 stack frames]]>
    </failure>
  </testcase> <!-- loginpageerrorvalidation -->
  <testcase classname="anandtomaracademy.pageobject.errorvalidationTest" name="producterrorvalidation" time="19.528"/>
</testsuite> <!-- errorvalidation -->
