<?xml version="1.0" encoding="UTF-8"?>
<!-- Generated by org.testng.reporters.JUnitXMLReporter -->
<testsuite ignored="0" hostname="LTIN447120" failures="0" tests="3" name="supertest" time="74.924" errors="0" timestamp="2026-05-06T23:39:48 IST">
  <testcase classname="anandtomaracademy.pageobject.SupertestTest" name="submittest" time="22.292"/>
  <testcase classname="anandtomaracademy.pageobject.SupertestTest" name="submittest" time="29.925"/>
  <testcase classname="anandtomaracademy.pageobject.SupertestTest" name="orders" time="1.31"/>
</testsuite> <!-- supertest -->
