<?xml version="1.0" encoding="UTF-8"?>
<!-- Generated by org.testng.reporters.JUnitXMLReporter -->
<testsuite ignored="0" hostname="LTIN447120" failures="0" tests="2" name="errorvalidation" time="0.137" errors="0" timestamp="2026-05-06T23:22:25 IST">
  <testcase classname="anandtomaracademy.pageobject.errorvalidationTest" name="loginpageerrorvalidation" time="0.0">
    <skipped/>
  </testcase> <!-- loginpageerrorvalidation -->
  <testcase classname="anandtomaracademy.pageobject.errorvalidationTest" name="producterrorvalidation" time="0.0">
    <skipped/>
  </testcase> <!-- producterrorvalidation -->
</testsuite> <!-- errorvalidation -->
