<?xml version="1.0" encoding="UTF-8"?>
<!-- Generated by org.testng.reporters.JUnitXMLReporter -->
<testsuite ignored="0" hostname="LTIN447120" failures="0" tests="3" name="supertest" time="0.581" errors="0" timestamp="2026-05-06T23:22:25 IST">
  <testcase classname="anandtomaracademy.resources.BaseTest" name="@BeforeMethod lunchapplication" time="0.024">
    <failure type="java.lang.RuntimeException" message="Browser not supported: chrome">
      <![CDATA[java.lang.RuntimeException: Browser not supported: chrome
at anandtomaracademy.resources.BaseTest.initializebrowser(BaseTest.java:91)
at anandtomaracademy.resources.BaseTest.lunchapplication(BaseTest.java:120)
at java.base/java.util.ArrayList.forEach(ArrayList.java:1511)
at java.base/java.util.concurrent.FutureTask.run(FutureTask.java:264)
at java.base/java.util.concurrent.ThreadPoolExecutor.runWorker(ThreadPoolExecutor.java:1136)
at java.base/java.util.concurrent.ThreadPoolExecutor$Worker.run(ThreadPoolExecutor.java:635)
at java.base/java.lang.Thread.run(Thread.java:840)
... Removed 21 stack frames]]>
    </failure>
  </testcase> <!-- @BeforeMethod lunchapplication -->
  <testcase classname="anandtomaracademy.resources.BaseTest" name="@AfterMethod teardown" time="0.0">
    <failure type="java.lang.NullPointerException" message="Cannot invoke &amp;quot;org.openqa.selenium.WebDriver.close()&amp;quot; because &amp;quot;this.driver&amp;quot; is null">
      <![CDATA[java.lang.NullPointerException: Cannot invoke "org.openqa.selenium.WebDriver.close()" because "this.driver" is null
at anandtomaracademy.resources.BaseTest.teardown(BaseTest.java:128)
at java.base/java.util.ArrayList.forEach(ArrayList.java:1511)
at java.base/java.util.concurrent.FutureTask.run(FutureTask.java:264)
at java.base/java.util.concurrent.ThreadPoolExecutor.runWorker(ThreadPoolExecutor.java:1136)
at java.base/java.util.concurrent.ThreadPoolExecutor$Worker.run(ThreadPoolExecutor.java:635)
at java.base/java.lang.Thread.run(Thread.java:840)
... Removed 22 stack frames]]>
    </failure>
  </testcase> <!-- @AfterMethod teardown -->
  <testcase classname="anandtomaracademy.resources.BaseTest" name="@BeforeMethod lunchapplication" time="0.001">
    <failure type="java.lang.RuntimeException" message="Browser not supported: chrome">
      <![CDATA[java.lang.RuntimeException: Browser not supported: chrome
at anandtomaracademy.resources.BaseTest.initializebrowser(BaseTest.java:91)
at anandtomaracademy.resources.BaseTest.lunchapplication(BaseTest.java:120)
at java.base/java.util.ArrayList.forEach(ArrayList.java:1511)
at java.base/java.util.concurrent.FutureTask.run(FutureTask.java:264)
at java.base/java.util.concurrent.ThreadPoolExecutor.runWorker(ThreadPoolExecutor.java:1136)
at java.base/java.util.concurrent.ThreadPoolExecutor$Worker.run(ThreadPoolExecutor.java:635)
at java.base/java.lang.Thread.run(Thread.java:840)
... Removed 21 stack frames]]>
    </failure>
  </testcase> <!-- @BeforeMethod lunchapplication -->
  <testcase classname="anandtomaracademy.resources.BaseTest" name="@AfterMethod teardown" time="0.003">
    <failure type="java.lang.NullPointerException" message="Cannot invoke &amp;quot;org.openqa.selenium.WebDriver.close()&amp;quot; because &amp;quot;this.driver&amp;quot; is null">
      <![CDATA[java.lang.NullPointerException: Cannot invoke "org.openqa.selenium.WebDriver.close()" because "this.driver" is null
at anandtomaracademy.resources.BaseTest.teardown(BaseTest.java:128)
at java.base/java.util.ArrayList.forEach(ArrayList.java:1511)
at java.base/java.util.concurrent.FutureTask.run(FutureTask.java:264)
at java.base/java.util.concurrent.ThreadPoolExecutor.runWorker(ThreadPoolExecutor.java:1136)
at java.base/java.util.concurrent.ThreadPoolExecutor$Worker.run(ThreadPoolExecutor.java:635)
at java.base/java.lang.Thread.run(Thread.java:840)
... Removed 22 stack frames]]>
    </failure>
  </testcase> <!-- @AfterMethod teardown -->
  <testcase classname="anandtomaracademy.resources.BaseTest" name="@BeforeMethod lunchapplication" time="0.002">
    <failure type="java.lang.RuntimeException" message="Browser not supported: chrome">
      <![CDATA[java.lang.RuntimeException: Browser not supported: chrome
at anandtomaracademy.resources.BaseTest.initializebrowser(BaseTest.java:91)
at anandtomaracademy.resources.BaseTest.lunchapplication(BaseTest.java:120)
at java.base/java.util.ArrayList.forEach(ArrayList.java:1511)
at java.base/java.util.concurrent.FutureTask.run(FutureTask.java:264)
at java.base/java.util.concurrent.ThreadPoolExecutor.runWorker(ThreadPoolExecutor.java:1136)
at java.base/java.util.concurrent.ThreadPoolExecutor$Worker.run(ThreadPoolExecutor.java:635)
at java.base/java.lang.Thread.run(Thread.java:840)
... Removed 21 stack frames]]>
    </failure>
  </testcase> <!-- @BeforeMethod lunchapplication -->
  <testcase classname="anandtomaracademy.resources.BaseTest" name="@AfterMethod teardown" time="0.0">
    <failure type="java.lang.NullPointerException" message="Cannot invoke &amp;quot;org.openqa.selenium.WebDriver.close()&amp;quot; because &amp;quot;this.driver&amp;quot; is null">
      <![CDATA[java.lang.NullPointerException: Cannot invoke "org.openqa.selenium.WebDriver.close()" because "this.driver" is null
at anandtomaracademy.resources.BaseTest.teardown(BaseTest.java:128)
at java.base/java.util.ArrayList.forEach(ArrayList.java:1511)
at java.base/java.util.concurrent.FutureTask.run(FutureTask.java:264)
at java.base/java.util.concurrent.ThreadPoolExecutor.runWorker(ThreadPoolExecutor.java:1136)
at java.base/java.util.concurrent.ThreadPoolExecutor$Worker.run(ThreadPoolExecutor.java:635)
at java.base/java.lang.Thread.run(Thread.java:840)
... Removed 22 stack frames]]>
    </failure>
  </testcase> <!-- @AfterMethod teardown -->
  <testcase classname="anandtomaracademy.resources.BaseTest" name="@BeforeMethod lunchapplication" time="0.002">
    <failure type="java.lang.RuntimeException" message="Browser not supported: chrome">
      <![CDATA[java.lang.RuntimeException: Browser not supported: chrome
at anandtomaracademy.resources.BaseTest.initializebrowser(BaseTest.java:91)
at anandtomaracademy.resources.BaseTest.lunchapplication(BaseTest.java:120)
at java.base/java.util.ArrayList.forEach(ArrayList.java:1511)
at java.base/java.util.concurrent.FutureTask.run(FutureTask.java:264)
at java.base/java.util.concurrent.ThreadPoolExecutor.runWorker(ThreadPoolExecutor.java:1136)
at java.base/java.util.concurrent.ThreadPoolExecutor$Worker.run(ThreadPoolExecutor.java:635)
at java.base/java.lang.Thread.run(Thread.java:840)
... Removed 21 stack frames]]>
    </failure>
  </testcase> <!-- @BeforeMethod lunchapplication -->
  <testcase classname="anandtomaracademy.resources.BaseTest" name="@AfterMethod teardown" time="0.002">
    <failure type="java.lang.NullPointerException" message="Cannot invoke &amp;quot;org.openqa.selenium.WebDriver.close()&amp;quot; because &amp;quot;this.driver&amp;quot; is null">
      <![CDATA[java.lang.NullPointerException: Cannot invoke "org.openqa.selenium.WebDriver.close()" because "this.driver" is null
at anandtomaracademy.resources.BaseTest.teardown(BaseTest.java:128)
at java.base/java.util.ArrayList.forEach(ArrayList.java:1511)
at java.base/java.util.concurrent.FutureTask.run(FutureTask.java:264)
at java.base/java.util.concurrent.ThreadPoolExecutor.runWorker(ThreadPoolExecutor.java:1136)
at java.base/java.util.concurrent.ThreadPoolExecutor$Worker.run(ThreadPoolExecutor.java:635)
at java.base/java.lang.Thread.run(Thread.java:840)
... Removed 22 stack frames]]>
    </failure>
  </testcase> <!-- @AfterMethod teardown -->
  <testcase classname="anandtomaracademy.pageobject.SupertestTest" name="submittest" time="0.0">
    <skipped/>
  </testcase> <!-- submittest -->
  <testcase classname="anandtomaracademy.pageobject.SupertestTest" name="submittest" time="0.0">
    <skipped/>
  </testcase> <!-- submittest -->
  <testcase classname="anandtomaracademy.pageobject.SupertestTest" name="orders" time="0.0">
    <skipped/>
  </testcase> <!-- orders -->
</testsuite> <!-- supertest -->
