<?xml version="1.0" encoding="UTF-8"?>
<!-- Generated by org.testng.reporters.JUnitReportReporter -->
<testsuite hostname="LTIN447120" failures="0" tests="3" name="anandtomaracademy.pageobject.SupertestTest" time="74.604" errors="0" timestamp="2026-05-06T23:39:48 IST" skipped="0">
  <testcase classname="anandtomaracademy.pageobject.SupertestTest" name="submittest" time="27.093"/>
  <testcase classname="anandtomaracademy.pageobject.SupertestTest" name="submittest" time="39.556"/>
  <testcase classname="anandtomaracademy.pageobject.SupertestTest" name="orders" time="7.955"/>
</testsuite> <!-- anandtomaracademy.pageobject.SupertestTest -->
